The following values were not passed to `accelerate launch` and had defaults used instead:
		More than one GPU was found, enabling multi-GPU training.
		If this was unintended please pass in `--num_processes=1`.
	`--num_machines` was set to a value of `1`
	`--mixed_precision` was set to a value of `'no'`
	`--dynamo_backend` was set to a value of `'no'`
To avoid this warning pass in values for each of the problematic parameters or run `accelerate config`.
wandb: Currently logged in as: wjk9904 (VLM_Hallucination_Woohyeon). Use `wandb login --relogin` to force relogin
wandb: Currently logged in as: wjk9904 (VLM_Hallucination_Woohyeon). Use `wandb login --relogin` to force relogin
wandb: wandb version 0.18.7 is available!  To upgrade, please run:
wandb:  $ pip install wandb --upgrade
wandb: Tracking run with wandb version 0.16.5
wandb: Run data is saved locally in /home/aidas_intern_1/woohyeon/lmms-woohyeon/wandb/run-20241122_140328-e3qrvwxg
wandb: Run `wandb offline` to turn off syncing.
wandb: Syncing run llava-v1.6-7b-168-lin-336-topk0.1
wandb: ⭐️ View project at https://wandb.ai/VLM_Hallucination_Woohyeon/llava1.6_recursive_eval_woohye0n
wandb: 🚀 View run at https://wandb.ai/VLM_Hallucination_Woohyeon/llava1.6_recursive_eval_woohye0n/runs/e3qrvwxg/workspace
wandb: wandb version 0.18.7 is available!  To upgrade, please run:
wandb:  $ pip install wandb --upgrade
wandb: Tracking run with wandb version 0.16.5
wandb: Run data is saved locally in /home/aidas_intern_1/woohyeon/lmms-woohyeon/wandb/run-20241122_140328-2sojblrx
wandb: Run `wandb offline` to turn off syncing.
wandb: Syncing run llava-v1.6-7b-168-lin-336-topk0.1
wandb: ⭐️ View project at https://wandb.ai/VLM_Hallucination_Woohyeon/llava1.6_recursive_eval_woohye0n
wandb: 🚀 View run at https://wandb.ai/VLM_Hallucination_Woohyeon/llava1.6_recursive_eval_woohye0n/runs/2sojblrx/workspace
[32m2024-11-22 14:03:31.837[0m | [1mINFO    [0m | [36m__main__[0m:[36mcli_evaluate[0m:[36m346[0m - [1mVerbosity set to DEBUG[0m
[32m2024-11-22 14:03:31.837[0m | [1mINFO    [0m | [36m__main__[0m:[36mcli_evaluate[0m:[36m346[0m - [1mVerbosity set to DEBUG[0m
Detected kernel version 5.4.0, which is below the recommended minimum of 5.5.0; this can cause the process to hang. It is recommended to upgrade the kernel to the minimum version or higher.
[32m2024-11-22 14:03:33.968[0m | [34m[1mDEBUG   [0m | [36mlmms_eval.tasks[0m:[36m_get_task_and_group[0m:[36m452[0m - [34m[1m`group` and `group_alias` keys in tasks' configs will no longer be used in the next release of lmms-eval. `tag` will be used to allow to call a collection of tasks just like `group`. `group` will be removed in order to not cause confusion with the new ConfigurableGroup which will be the offical way to create groups with addition of group-wide configuations.[0m
[32m2024-11-22 14:03:33.968[0m | [34m[1mDEBUG   [0m | [36mlmms_eval.tasks[0m:[36m_get_task_and_group[0m:[36m452[0m - [34m[1m`group` and `group_alias` keys in tasks' configs will no longer be used in the next release of lmms-eval. `tag` will be used to allow to call a collection of tasks just like `group`. `group` will be removed in order to not cause confusion with the new ConfigurableGroup which will be the offical way to create groups with addition of group-wide configuations.[0m
[32m2024-11-22 14:03:35.115[0m | [1mINFO    [0m | [36m__main__[0m:[36mcli_evaluate_single[0m:[36m429[0m - [1mEvaluation tracker args: {'output_path': './logs/'}[0m
[32m2024-11-22 14:03:35.115[0m | [1mINFO    [0m | [36m__main__[0m:[36mcli_evaluate_single[0m:[36m429[0m - [1mEvaluation tracker args: {'output_path': './logs/'}[0m
[32m2024-11-22 14:03:35.116[0m | [1mINFO    [0m | [36m__main__[0m:[36mcli_evaluate_single[0m:[36m518[0m - [1mSelected Tasks: ['mme', 'pope'][0m
[32m2024-11-22 14:03:35.116[0m | [1mINFO    [0m | [36m__main__[0m:[36mcli_evaluate_single[0m:[36m518[0m - [1mSelected Tasks: ['mme', 'pope'][0m
[32m2024-11-22 14:03:35.130[0m | [1mINFO    [0m | [36mlmms_eval.evaluator[0m:[36msimple_evaluate[0m:[36m155[0m - [1mSetting random seed to 0 | Setting numpy seed to 1234 | Setting torch manual seed to 1234[0m
[32m2024-11-22 14:03:35.130[0m | [1mINFO    [0m | [36mlmms_eval.evaluator[0m:[36msimple_evaluate[0m:[36m155[0m - [1mSetting random seed to 0 | Setting numpy seed to 1234 | Setting torch manual seed to 1234[0m
